> Task :checkKotlinGradlePluginConfigurationErrors
> Task :processResources UP-TO-DATE

> Task :compileKotlin FAILED
e: file:///Users/larrylo/SourceProject/bni-checkin/bni-anchor-checkin-backend/src/main/kotlin/com/example/bnianchorcheckinbackend/AttendanceController.kt:86:84 Unexpected tokens (use ';' to separate expressions on the same line)
e: file:///Users/larrylo/SourceProject/bni-checkin/bni-anchor-checkin-backend/src/main/kotlin/com/example/bnianchorcheckinbackend/AttendanceController.kt:86:85 Expecting an element
e: file:///Users/larrylo/SourceProject/bni-checkin/bni-anchor-checkin-backend/src/main/kotlin/com/example/bnianchorcheckinbackend/AttendanceController.kt:86:24 Too many arguments for public open fun println(): Unit defined in java.io.PrintWriter
e: file:///Users/larrylo/SourceProject/bni-checkin/bni-anchor-checkin-backend/src/main/kotlin/com/example/bnianchorcheckinbackend/AttendanceController.kt:86:30 Too many arguments for public open fun println(): Unit defined in java.io.PrintWriter
e: file:///Users/larrylo/SourceProject/bni-checkin/bni-anchor-checkin-backend/src/main/kotlin/com/example/bnianchorcheckinbackend/AttendanceController.kt:86:38 Too many arguments for public open fun println(): Unit defined in java.io.PrintWriter
e: file:///Users/larrylo/SourceProject/bni-checkin/bni-anchor-checkin-backend/src/main/kotlin/com/example/bnianchorcheckinbackend/AttendanceController.kt:86:44 Too many arguments for public open fun println(): Unit defined in java.io.PrintWriter
e: file:///Users/larrylo/SourceProject/bni-checkin/bni-anchor-checkin-backend/src/main/kotlin/com/example/bnianchorcheckinbackend/AttendanceController.kt:86:61 Too many arguments for public open fun println(): Unit defined in java.io.PrintWriter

[Incubating] Problems report is available at: file:///Users/larrylo/SourceProject/bni-checkin/bni-anchor-checkin-backend/build/reports/problems/problems-report.html

FAILURE: Build failed with an exception.

* What went wrong:
Execution failed for task ':compileKotlin'.
> A failure occurred while executing org.jetbrains.kotlin.compilerRunner.GradleCompilerRunnerWithWorkers$GradleKotlinCompilerWorkAction
   > Compilation error. See log for more details

* Try:
> Run with --stacktrace option to get the stack trace.
> Run with --info or --debug option to get more log output.
> Run with --scan to get full insights.
> Get more help at https://help.gradle.org.

Deprecated Gradle features were used in this build, making it incompatible with Gradle 9.0.

You can use '--warning-mode all' to show the individual deprecation warnings and determine if they come from your own scripts or plugins.

For more on this, please refer to https://docs.gradle.org/8.14.3/userguide/command_line_interface.html#sec:command_line_warnings in the Gradle documentation.

BUILD FAILED in 1s
3 actionable tasks: 2 executed, 1 up-to-date
